<?xml version="1.0" encoding="UTF-8"?>
<testng-results ignored="0" total="1" passed="1" failed="0" skipped="0">
  <reporter-output>
  </reporter-output>
  <suite started-at="2026-06-08T15:02:26 ICT" name="SeleniumSuite" finished-at="2026-06-08T15:02:31 ICT" duration-ms="5127">
    <groups>
    </groups>
    <test started-at="2026-06-08T15:02:26 ICT" name="LoginTest" finished-at="2026-06-08T15:02:31 ICT" duration-ms="5127">
      <class name="com.chuvannam.tests.LoginTest">
        <test-method is-config="true" signature="setup()[pri:0, instance:com.chuvannam.tests.LoginTest@333291e3]" started-at="2026-06-08T15:02:26 ICT" name="setup" finished-at="2026-06-08T15:02:30 ICT" duration-ms="4356" status="PASS">
          <reporter-output>
          </reporter-output>
        </test-method> <!-- setup -->
        <test-method signature="testSuccessfulLogin()[pri:0, instance:com.chuvannam.tests.LoginTest@333291e3]" started-at="2026-06-08T15:02:30 ICT" name="testSuccessfulLogin" finished-at="2026-06-08T15:02:31 ICT" duration-ms="514" status="PASS">
          <reporter-output>
          </reporter-output>
        </test-method> <!-- testSuccessfulLogin -->
        <test-method is-config="true" signature="tearDown()[pri:0, instance:com.chuvannam.tests.LoginTest@333291e3]" started-at="2026-06-08T15:02:31 ICT" name="tearDown" finished-at="2026-06-08T15:02:31 ICT" duration-ms="198" status="PASS">
          <reporter-output>
          </reporter-output>
        </test-method> <!-- tearDown -->
      </class> <!-- com.chuvannam.tests.LoginTest -->
    </test> <!-- LoginTest -->
  </suite> <!-- SeleniumSuite -->
</testng-results>
